[debug] [2025-03-01T06:35:37.278Z] ----------------------------------------------------------------------
[debug] [2025-03-01T06:35:37.289Z] Command:       C:\Program Files\nodejs\node.exe C:\Users\BLOOM\AppData\Roaming\npm\node_modules\firebase-tools\lib\bin\firebase.js init
[debug] [2025-03-01T06:35:37.289Z] CLI Version:   13.32.0
[debug] [2025-03-01T06:35:37.289Z] Platform:      win32
[debug] [2025-03-01T06:35:37.290Z] Node Version:  v20.15.1
[debug] [2025-03-01T06:35:37.290Z] Time:          Sat Mar 01 2025 12:05:37 GMT+0530 (India Standard Time)
[debug] [2025-03-01T06:35:37.290Z] ----------------------------------------------------------------------
[debug] 
[debug] [2025-03-01T06:35:37.296Z] > command requires scopes: ["email","openid","https://www.googleapis.com/auth/cloudplatformprojects.readonly","https://www.googleapis.com/auth/firebase","https://www.googleapis.com/auth/cloud-platform"]
[debug] [2025-03-01T06:35:37.297Z] > authorizing via signed-in user (ravinduashan789@gmail.com)
[info] 
     ######## #### ########  ######## ########     ###     ######  ########
     ##        ##  ##     ## ##       ##     ##  ##   ##  ##       ##
     ######    ##  ########  ######   ########  #########  ######  ######
     ##        ##  ##    ##  ##       ##     ## ##     ##       ## ##
     ##       #### ##     ## ######## ########  ##     ##  ######  ########

You're about to initialize a Firebase project in this directory:

  C:\Users\BLOOM\Desktop\group project\mobile_lms\backend

[info] 
=== Project Setup
[info] 
[info] First, let's associate this project directory with a Firebase project.
[info] You can create multiple project aliases by running firebase use --add, 
[info] but for now we'll just set up a default project.
[info] 
[debug] [2025-03-01T06:36:28.112Z] Checked if tokens are valid: false, expires at: 1740811822254
[debug] [2025-03-01T06:36:28.113Z] Checked if tokens are valid: false, expires at: 1740811822254
[debug] [2025-03-01T06:36:28.113Z] > refreshing access token with scopes: []
[debug] [2025-03-01T06:36:28.114Z] >>> [apiv2][query] POST https://www.googleapis.com/oauth2/v3/token [none]
[debug] [2025-03-01T06:36:28.114Z] >>> [apiv2][body] POST https://www.googleapis.com/oauth2/v3/token [omitted]
[debug] [2025-03-01T06:36:28.747Z] <<< [apiv2][status] POST https://www.googleapis.com/oauth2/v3/token 200
[debug] [2025-03-01T06:36:28.748Z] <<< [apiv2][body] POST https://www.googleapis.com/oauth2/v3/token [omitted]
[debug] [2025-03-01T06:36:28.757Z] >>> [apiv2][query] GET https://firebase.googleapis.com/v1beta1/projects pageSize=100
[debug] [2025-03-01T06:36:29.779Z] <<< [apiv2][status] GET https://firebase.googleapis.com/v1beta1/projects 200
[debug] [2025-03-01T06:36:29.779Z] <<< [apiv2][body] GET https://firebase.googleapis.com/v1beta1/projects [omitted]
[info] i  Using project mobile-lms-for-korean-class (mobile-lms-for-korean-class) 
[info] 
=== Dataconnect Setup
[debug] [2025-03-01T06:36:32.648Z] Checked if tokens are valid: true, expires at: 1740814587748
[debug] [2025-03-01T06:36:32.648Z] Checked if tokens are valid: true, expires at: 1740814587748
[debug] [2025-03-01T06:36:32.648Z] >>> [apiv2][query] GET https://cloudbilling.googleapis.com/v1/projects/mobile-lms-for-korean-class/billingInfo [none]
[debug] [2025-03-01T06:36:34.720Z] <<< [apiv2][status] GET https://cloudbilling.googleapis.com/v1/projects/mobile-lms-for-korean-class/billingInfo 200
[debug] [2025-03-01T06:36:34.720Z] <<< [apiv2][body] GET https://cloudbilling.googleapis.com/v1/projects/mobile-lms-for-korean-class/billingInfo {"name":"projects/mobile-lms-for-korean-class/billingInfo","projectId":"mobile-lms-for-korean-class","billingAccountName":"","billingEnabled":false}
[info] i  dataconnect: ensuring required API sqladmin.googleapis.com is enabled... 
[debug] [2025-03-01T06:36:34.723Z] Checked if tokens are valid: true, expires at: 1740814587748
[debug] [2025-03-01T06:36:34.724Z] Checked if tokens are valid: true, expires at: 1740814587748
[debug] [2025-03-01T06:36:34.725Z] >>> [apiv2][query] GET https://serviceusage.googleapis.com/v1/projects/mobile-lms-for-korean-class/services/sqladmin.googleapis.com [none]
[debug] [2025-03-01T06:36:34.725Z] >>> [apiv2][(partial)header] GET https://serviceusage.googleapis.com/v1/projects/mobile-lms-for-korean-class/services/sqladmin.googleapis.com x-goog-quota-user=projects/mobile-lms-for-korean-class
[debug] [2025-03-01T06:36:36.868Z] <<< [apiv2][status] GET https://serviceusage.googleapis.com/v1/projects/mobile-lms-for-korean-class/services/sqladmin.googleapis.com 200
[debug] [2025-03-01T06:36:36.868Z] <<< [apiv2][body] GET https://serviceusage.googleapis.com/v1/projects/mobile-lms-for-korean-class/services/sqladmin.googleapis.com [omitted]
[warn] !  dataconnect: missing required API sqladmin.googleapis.com. Enabling now... 
[debug] [2025-03-01T06:36:36.869Z] Checked if tokens are valid: true, expires at: 1740814587748
[debug] [2025-03-01T06:36:36.869Z] Checked if tokens are valid: true, expires at: 1740814587748
[debug] [2025-03-01T06:36:36.869Z] >>> [apiv2][query] POST https://serviceusage.googleapis.com/v1/projects/mobile-lms-for-korean-class/services/sqladmin.googleapis.com:enable [none]
[debug] [2025-03-01T06:36:36.869Z] >>> [apiv2][(partial)header] POST https://serviceusage.googleapis.com/v1/projects/mobile-lms-for-korean-class/services/sqladmin.googleapis.com:enable x-goog-quota-user=projects/mobile-lms-for-korean-class
[debug] [2025-03-01T06:36:38.859Z] <<< [apiv2][status] POST https://serviceusage.googleapis.com/v1/projects/mobile-lms-for-korean-class/services/sqladmin.googleapis.com:enable 200
[debug] [2025-03-01T06:36:38.859Z] <<< [apiv2][body] POST https://serviceusage.googleapis.com/v1/projects/mobile-lms-for-korean-class/services/sqladmin.googleapis.com:enable [omitted]
[debug] [2025-03-01T06:36:48.874Z] Checked if tokens are valid: true, expires at: 1740814587748
[debug] [2025-03-01T06:36:48.874Z] Checked if tokens are valid: true, expires at: 1740814587748
[debug] [2025-03-01T06:36:48.875Z] >>> [apiv2][query] GET https://serviceusage.googleapis.com/v1/projects/mobile-lms-for-korean-class/services/sqladmin.googleapis.com [none]
[debug] [2025-03-01T06:36:48.875Z] >>> [apiv2][(partial)header] GET https://serviceusage.googleapis.com/v1/projects/mobile-lms-for-korean-class/services/sqladmin.googleapis.com x-goog-quota-user=projects/mobile-lms-for-korean-class
[debug] [2025-03-01T06:36:51.136Z] <<< [apiv2][status] GET https://serviceusage.googleapis.com/v1/projects/mobile-lms-for-korean-class/services/sqladmin.googleapis.com 200
[debug] [2025-03-01T06:36:51.136Z] <<< [apiv2][body] GET https://serviceusage.googleapis.com/v1/projects/mobile-lms-for-korean-class/services/sqladmin.googleapis.com [omitted]
[info] +  dataconnect: required API sqladmin.googleapis.com is enabled 
[info] +  Wrote dataconnect\dataconnect.yaml 
[info] +  Wrote dataconnect\schema\schema.gql 
[info] +  Wrote dataconnect\connector\connector.yaml 
[info] +  Wrote dataconnect\connector\queries.gql 
[info] +  Wrote dataconnect\connector\mutations.gql 
[info] +  Detected WEB app in directory C:\Users\BLOOM\Desktop\group project\mobile_lms\backend 
[info] i  Wrote new config to C:\Users\BLOOM\Desktop\group project\mobile_lms\backend\dataconnect\connector/connector.yaml 
[info] i  dataconnect: downloading dataconnect-emulator-1.8.3.exe... {"metadata":{"emulator":{"name":"dataconnect"},"message":"downloading dataconnect-emulator-1.8.3.exe..."}}
[debug] [2025-03-01T06:37:23.970Z] >>> [apiv2][query] GET https://storage.googleapis.com/firemat-preview-drop/emulator/dataconnect-emulator-windows-v1.8.3 
[debug] [2025-03-01T06:37:26.233Z] <<< [apiv2][status] GET https://storage.googleapis.com/firemat-preview-drop/emulator/dataconnect-emulator-windows-v1.8.3 200
[debug] [2025-03-01T06:37:26.233Z] <<< [apiv2][body] GET https://storage.googleapis.com/firemat-preview-drop/emulator/dataconnect-emulator-windows-v1.8.3 [stream]
